<?xml version="1.0" encoding="UTF-8"?>
<!-- Generated by org.testng.reporters.JUnitReportReporter -->
<testsuite name="InterviewQuestions.stringReversePrograms" tests="3" time="0.008" ignored="0" failures="0" timestamp="17 Jul 2020 11:40:23 GMT" skipped="0" hostname="EC2AMAZ-B6KRLN6" errors="0">
  <testcase name="StringReverseMethod1" time="0.003" classname="InterviewQuestions.stringReversePrograms"/>
  <testcase name="StringReverseMethod3" time="0.001" classname="InterviewQuestions.stringReversePrograms"/>
  <testcase name="StringReverseMethod2" time="0.004" classname="InterviewQuestions.stringReversePrograms"/>
</testsuite> <!-- InterviewQuestions.stringReversePrograms -->
