<?xml version="1.0" encoding="UTF-8"?>
<!-- Generated by org.testng.reporters.JUnitReportReporter -->
<testsuite name="InterviewQuestions.EqualityOfTwoArrays" tests="2" time="0.013" ignored="0" failures="0" timestamp="17 Jul 2020 11:40:23 GMT" skipped="0" hostname="EC2AMAZ-B6KRLN6" errors="0">
  <testcase name="equalityofArrays" time="0.010" classname="InterviewQuestions.EqualityOfTwoArrays"/>
  <testcase name="equalityofArrayUsingEqualMethod" time="0.003" classname="InterviewQuestions.EqualityOfTwoArrays"/>
</testsuite> <!-- InterviewQuestions.EqualityOfTwoArrays -->
