<?xml version="1.0" encoding="UTF-8"?>
<!-- Generated by org.testng.reporters.JUnitReportReporter -->
<testsuite hostname="raghavender" name="com.TX_DR_Upload" tests="1" failures="0" timestamp="4 Feb 2019 07:10:28 GMT" time="957.953" errors="0">
  <testcase name="Upload" time="957.953" classname="com.TX_DR_Upload"/>
</testsuite> <!-- com.TX_DR_Upload -->
