<?xml version="1.0" encoding="UTF-8"?>
<!-- Generated by org.testng.reporters.JUnitReportReporter -->
<testsuite name="InterviewQuestions.duplicateCharCount" tests="1" time="0.002" ignored="0" failures="0" timestamp="17 Jul 2020 11:40:23 GMT" skipped="0" hostname="EC2AMAZ-B6KRLN6" errors="0">
  <testcase name="duplicatecharcount" time="0.002" classname="InterviewQuestions.duplicateCharCount"/>
</testsuite> <!-- InterviewQuestions.duplicateCharCount -->
