<?xml version="1.0" encoding="UTF-8"?>
<!-- Generated by org.testng.reporters.JUnitReportReporter -->
<testsuite name="InterviewQuestions.DuplicateElementinArrayList" tests="2" time="0.005" ignored="0" failures="0" timestamp="17 Jul 2020 11:40:23 GMT" skipped="0" hostname="EC2AMAZ-B6KRLN6" errors="0">
  <testcase name="duplicateElementFinding_Method2" time="0.003" classname="InterviewQuestions.DuplicateElementinArrayList"/>
  <testcase name="duplicateElementFinding_Method1" time="0.002" classname="InterviewQuestions.DuplicateElementinArrayList"/>
</testsuite> <!-- InterviewQuestions.DuplicateElementinArrayList -->
