<?xml version="1.0" encoding="UTF-8"?>
<!-- Generated by org.testng.reporters.JUnitReportReporter -->
<testsuite name="InterviewQuestions.RemoveSpacesFromString" tests="2" time="0.006" ignored="0" failures="0" timestamp="17 Jul 2020 11:40:23 GMT" skipped="0" hostname="EC2AMAZ-B6KRLN6" errors="0">
  <testcase name="SpaceRemoveFromString" time="0.005" classname="InterviewQuestions.RemoveSpacesFromString"/>
  <testcase name="spaceremovalwithoutreplace" time="0.001" classname="InterviewQuestions.RemoveSpacesFromString"/>
</testsuite> <!-- InterviewQuestions.RemoveSpacesFromString -->
