<?xml version="1.0" encoding="UTF-8"?>
<!-- Generated by org.testng.reporters.JUnitReportReporter -->
<testsuite name="InterviewQuestions.sum_of_a_digitValue" tests="1" time="0.001" ignored="0" failures="0" timestamp="17 Jul 2020 11:40:23 GMT" skipped="0" hostname="EC2AMAZ-B6KRLN6" errors="0">
  <testcase name="sumofdigits_of_number" time="0.001" classname="InterviewQuestions.sum_of_a_digitValue"/>
</testsuite> <!-- InterviewQuestions.sum_of_a_digitValue -->
