<?xml version="1.0" encoding="UTF-8"?>
<!-- Generated by org.testng.reporters.JUnitReportReporter -->
<testsuite hostname="raghavender" name="com.LoginsTest" tests="6" failures="0" timestamp="1 Feb 2019 12:22:51 GMT" time="17.781" errors="0">
  <testcase name="test" time="2.126" classname="com.LoginsTest"/>
  <testcase name="test" time="3.095" classname="com.LoginsTest"/>
  <testcase name="test" time="2.173" classname="com.LoginsTest"/>
  <testcase name="test" time="2.356" classname="com.LoginsTest"/>
  <testcase name="test" time="4.802" classname="com.LoginsTest"/>
  <testcase name="test" time="3.229" classname="com.LoginsTest"/>
</testsuite> <!-- com.LoginsTest -->
